2025-03-30 16:53:42,224 - DEBUG - STREAM b'IHDR' 16 13
2025-03-30 16:53:42,224 - DEBUG - STREAM b'IDAT' 41 8192
2025-03-30 16:53:42,293 - DEBUG - STREAM b'IHDR' 16 13
2025-03-30 16:53:42,293 - DEBUG - STREAM b'IDAT' 41 8192
2025-03-30 16:53:42,365 - DEBUG - STREAM b'IHDR' 16 13
2025-03-30 16:53:42,365 - DEBUG - STREAM b'IDAT' 41 8192
2025-03-30 16:53:42,691 - DEBUG - STREAM b'IHDR' 16 13
2025-03-30 16:53:42,691 - DEBUG - STREAM b'IDAT' 41 8192
2025-03-30 16:53:42,886 - DEBUG - STREAM b'IHDR' 16 13
2025-03-30 16:53:42,886 - DEBUG - STREAM b'IDAT' 41 8192
2025-03-30 16:54:37,779 - DEBUG - STREAM b'IHDR' 16 13
2025-03-30 16:54:37,779 - DEBUG - STREAM b'IDAT' 41 8192
2025-03-30 16:54:37,830 - DEBUG - STREAM b'IHDR' 16 13
2025-03-30 16:54:37,830 - DEBUG - STREAM b'IDAT' 41 8192
2025-03-30 16:54:38,698 - DEBUG - ['D:\\TAFE\\COMPLETED\\2024_S2\\ICTPRG_440_python\\ScreenSpeak\\tesseract\\tesseract.exe', 'C:\\Users\\Tully\\AppData\\Local\\Temp\\tess_c5x99bgk_input.PNG', 'C:\\Users\\Tully\\AppData\\Local\\Temp\\tess_c5x99bgk', '-c', 'tessedit_create_tsv=1', '--oem', '3', '--psm', '6']
2025-03-30 16:54:40,712 - DEBUG - STREAM b'IHDR' 16 13
2025-03-30 16:54:40,712 - DEBUG - STREAM b'IDAT' 41 8192
2025-03-30 16:54:40,760 - DEBUG - STREAM b'IHDR' 16 13
2025-03-30 16:54:40,761 - DEBUG - STREAM b'IDAT' 41 8192
2025-03-30 16:54:55,020 - DEBUG - STREAM b'IHDR' 16 13
2025-03-30 16:54:55,020 - DEBUG - STREAM b'IDAT' 41 8192
2025-03-30 16:54:55,072 - DEBUG - STREAM b'IHDR' 16 13
2025-03-30 16:54:55,072 - DEBUG - STREAM b'IDAT' 41 8192
2025-03-30 16:54:55,873 - DEBUG - ['D:\\TAFE\\COMPLETED\\2024_S2\\ICTPRG_440_python\\ScreenSpeak\\tesseract\\tesseract.exe', 'C:\\Users\\Tully\\AppData\\Local\\Temp\\tess_r_yxa8hj_input.PNG', 'C:\\Users\\Tully\\AppData\\Local\\Temp\\tess_r_yxa8hj', '-c', 'tessedit_create_tsv=1', '--oem', '3', '--psm', '6']
2025-03-30 16:54:57,896 - DEBUG - STREAM b'IHDR' 16 13
2025-03-30 16:54:57,896 - DEBUG - STREAM b'IDAT' 41 8192
2025-03-30 16:54:57,943 - DEBUG - STREAM b'IHDR' 16 13
2025-03-30 16:54:57,943 - DEBUG - STREAM b'IDAT' 41 8192
2025-03-30 16:55:07,818 - DEBUG - STREAM b'IHDR' 16 13
2025-03-30 16:55:07,818 - DEBUG - STREAM b'IDAT' 41 8192
2025-03-30 16:55:07,870 - DEBUG - STREAM b'IHDR' 16 13
2025-03-30 16:55:07,870 - DEBUG - STREAM b'IDAT' 41 8192
2025-03-30 16:55:08,674 - DEBUG - ['D:\\TAFE\\COMPLETED\\2024_S2\\ICTPRG_440_python\\ScreenSpeak\\tesseract\\tesseract.exe', 'C:\\Users\\Tully\\AppData\\Local\\Temp\\tess_s07wq8dz_input.PNG', 'C:\\Users\\Tully\\AppData\\Local\\Temp\\tess_s07wq8dz', '-c', 'tessedit_create_tsv=1', '--oem', '3', '--psm', '6']
2025-03-30 16:55:10,708 - DEBUG - STREAM b'IHDR' 16 13
2025-03-30 16:55:10,708 - DEBUG - STREAM b'IDAT' 41 8192
2025-03-30 16:55:10,756 - DEBUG - STREAM b'IHDR' 16 13
2025-03-30 16:55:10,756 - DEBUG - STREAM b'IDAT' 41 8192
2025-03-30 16:55:17,727 - DEBUG - STREAM b'IHDR' 16 13
2025-03-30 16:55:17,727 - DEBUG - STREAM b'IDAT' 41 8192
2025-03-30 16:55:17,778 - DEBUG - STREAM b'IHDR' 16 13
2025-03-30 16:55:17,778 - DEBUG - STREAM b'IDAT' 41 8192
2025-03-30 16:55:18,602 - DEBUG - ['D:\\TAFE\\COMPLETED\\2024_S2\\ICTPRG_440_python\\ScreenSpeak\\tesseract\\tesseract.exe', 'C:\\Users\\Tully\\AppData\\Local\\Temp\\tess_wagcb4fh_input.PNG', 'C:\\Users\\Tully\\AppData\\Local\\Temp\\tess_wagcb4fh', '-c', 'tessedit_create_tsv=1', '--oem', '3', '--psm', '6']
2025-03-30 16:55:20,651 - DEBUG - STREAM b'IHDR' 16 13
2025-03-30 16:55:20,651 - DEBUG - STREAM b'IDAT' 41 8192
2025-03-30 16:55:20,701 - DEBUG - STREAM b'IHDR' 16 13
2025-03-30 16:55:20,701 - DEBUG - STREAM b'IDAT' 41 8192
2025-03-30 16:55:26,282 - DEBUG - STREAM b'IHDR' 16 13
2025-03-30 16:55:26,282 - DEBUG - STREAM b'IDAT' 41 8192
2025-03-30 16:55:26,334 - DEBUG - STREAM b'IHDR' 16 13
2025-03-30 16:55:26,334 - DEBUG - STREAM b'IDAT' 41 8192
2025-03-30 16:55:27,147 - DEBUG - ['D:\\TAFE\\COMPLETED\\2024_S2\\ICTPRG_440_python\\ScreenSpeak\\tesseract\\tesseract.exe', 'C:\\Users\\Tully\\AppData\\Local\\Temp\\tess_nbja1ofk_input.PNG', 'C:\\Users\\Tully\\AppData\\Local\\Temp\\tess_nbja1ofk', '-c', 'tessedit_create_tsv=1', '--oem', '3', '--psm', '6']
2025-03-30 16:55:29,157 - DEBUG - STREAM b'IHDR' 16 13
2025-03-30 16:55:29,157 - DEBUG - STREAM b'IDAT' 41 8192
2025-03-30 16:55:29,206 - DEBUG - STREAM b'IHDR' 16 13
2025-03-30 16:55:29,206 - DEBUG - STREAM b'IDAT' 41 8192
2025-03-30 16:55:33,899 - DEBUG - STREAM b'IHDR' 16 13
2025-03-30 16:55:33,899 - DEBUG - STREAM b'IDAT' 41 8192
2025-03-30 16:55:33,950 - DEBUG - STREAM b'IHDR' 16 13
2025-03-30 16:55:33,950 - DEBUG - STREAM b'IDAT' 41 8192
2025-03-30 16:55:34,759 - DEBUG - ['D:\\TAFE\\COMPLETED\\2024_S2\\ICTPRG_440_python\\ScreenSpeak\\tesseract\\tesseract.exe', 'C:\\Users\\Tully\\AppData\\Local\\Temp\\tess_2g89ub9d_input.PNG', 'C:\\Users\\Tully\\AppData\\Local\\Temp\\tess_2g89ub9d', '-c', 'tessedit_create_tsv=1', '--oem', '3', '--psm', '6']
2025-03-30 16:55:36,890 - DEBUG - STREAM b'IHDR' 16 13
2025-03-30 16:55:36,890 - DEBUG - STREAM b'IDAT' 41 8192
2025-03-30 16:55:36,938 - DEBUG - STREAM b'IHDR' 16 13
2025-03-30 16:55:36,938 - DEBUG - STREAM b'IDAT' 41 8192
2025-03-30 17:58:09,258 - DEBUG - STREAM b'IHDR' 16 13
2025-03-30 17:58:09,258 - DEBUG - STREAM b'IDAT' 41 8192
2025-03-30 17:58:09,328 - DEBUG - STREAM b'IHDR' 16 13
2025-03-30 17:58:09,329 - DEBUG - STREAM b'IDAT' 41 8192
2025-03-30 17:58:09,399 - DEBUG - STREAM b'IHDR' 16 13
2025-03-30 17:58:09,399 - DEBUG - STREAM b'IDAT' 41 8192
2025-03-30 17:58:09,695 - DEBUG - STREAM b'IHDR' 16 13
2025-03-30 17:58:09,695 - DEBUG - STREAM b'IDAT' 41 8192
2025-03-30 17:58:09,884 - DEBUG - STREAM b'IHDR' 16 13
2025-03-30 17:58:09,884 - DEBUG - STREAM b'IDAT' 41 8192
2025-03-30 17:58:38,135 - DEBUG - STREAM b'IHDR' 16 13
2025-03-30 17:58:38,135 - DEBUG - STREAM b'IDAT' 41 8192
2025-03-30 17:58:38,205 - DEBUG - STREAM b'IHDR' 16 13
2025-03-30 17:58:38,205 - DEBUG - STREAM b'IDAT' 41 8192
2025-03-30 17:58:38,276 - DEBUG - STREAM b'IHDR' 16 13
2025-03-30 17:58:38,276 - DEBUG - STREAM b'IDAT' 41 8192
2025-03-30 17:58:38,584 - DEBUG - STREAM b'IHDR' 16 13
2025-03-30 17:58:38,584 - DEBUG - STREAM b'IDAT' 41 8192
2025-03-30 17:58:38,783 - DEBUG - STREAM b'IHDR' 16 13
2025-03-30 17:58:38,783 - DEBUG - STREAM b'IDAT' 41 8192
2025-03-30 18:07:01,149 - DEBUG - STREAM b'IHDR' 16 13
2025-03-30 18:07:01,149 - DEBUG - STREAM b'IDAT' 41 8192
2025-03-30 18:07:01,222 - DEBUG - STREAM b'IHDR' 16 13
2025-03-30 18:07:01,222 - DEBUG - STREAM b'IDAT' 41 8192
2025-03-30 18:07:01,296 - DEBUG - STREAM b'IHDR' 16 13
2025-03-30 18:07:01,296 - DEBUG - STREAM b'IDAT' 41 8192
2025-03-30 18:07:01,587 - DEBUG - STREAM b'IHDR' 16 13
2025-03-30 18:07:01,587 - DEBUG - STREAM b'IDAT' 41 8192
2025-03-30 18:09:53,414 - DEBUG - STREAM b'IHDR' 16 13
2025-03-30 18:09:53,414 - DEBUG - STREAM b'IDAT' 41 8192
2025-03-30 18:09:53,478 - DEBUG - STREAM b'IHDR' 16 13
2025-03-30 18:09:53,479 - DEBUG - STREAM b'IDAT' 41 8192
2025-03-30 18:09:53,548 - DEBUG - STREAM b'IHDR' 16 13
2025-03-30 18:09:53,548 - DEBUG - STREAM b'IDAT' 41 8192
2025-03-30 18:09:53,834 - DEBUG - STREAM b'IHDR' 16 13
2025-03-30 18:09:53,834 - DEBUG - STREAM b'IDAT' 41 8192
2025-03-30 18:10:01,480 - DEBUG - STREAM b'IHDR' 16 13
2025-03-30 18:10:01,480 - DEBUG - STREAM b'IDAT' 41 8192
2025-03-30 18:10:01,532 - DEBUG - STREAM b'IHDR' 16 13
2025-03-30 18:10:01,532 - DEBUG - STREAM b'IDAT' 41 8192
2025-03-30 18:10:02,424 - DEBUG - ['D:\\TAFE\\COMPLETED\\2024_S2\\ICTPRG_440_python\\ScreenSpeak\\tesseract\\tesseract.exe', 'C:\\Users\\Tully\\AppData\\Local\\Temp\\tess_ggdumlpw_input.PNG', 'C:\\Users\\Tully\\AppData\\Local\\Temp\\tess_ggdumlpw', '-c', 'tessedit_create_tsv=1', '--oem', '3', '--psm', '6']
2025-03-30 18:10:05,715 - DEBUG - STREAM b'IHDR' 16 13
2025-03-30 18:10:05,715 - DEBUG - STREAM b'IDAT' 41 8192
2025-03-30 18:10:05,772 - DEBUG - STREAM b'IHDR' 16 13
2025-03-30 18:10:05,772 - DEBUG - STREAM b'IDAT' 41 8192
2025-03-30 18:10:09,172 - DEBUG - STREAM b'IHDR' 16 13
2025-03-30 18:10:09,172 - DEBUG - STREAM b'IDAT' 41 8192
2025-03-30 18:10:09,225 - DEBUG - STREAM b'IHDR' 16 13
2025-03-30 18:10:09,225 - DEBUG - STREAM b'IDAT' 41 8192
2025-03-30 18:10:10,093 - DEBUG - ['D:\\TAFE\\COMPLETED\\2024_S2\\ICTPRG_440_python\\ScreenSpeak\\tesseract\\tesseract.exe', 'C:\\Users\\Tully\\AppData\\Local\\Temp\\tess_jcs56rqc_input.PNG', 'C:\\Users\\Tully\\AppData\\Local\\Temp\\tess_jcs56rqc', '-c', 'tessedit_create_tsv=1', '--oem', '3', '--psm', '6']
2025-03-30 18:10:14,901 - DEBUG - STREAM b'IHDR' 16 13
2025-03-30 18:10:14,901 - DEBUG - STREAM b'IDAT' 41 8192
2025-03-30 18:10:14,956 - DEBUG - STREAM b'IHDR' 16 13
2025-03-30 18:10:14,956 - DEBUG - STREAM b'IDAT' 41 8192
2025-03-30 18:13:33,647 - DEBUG - STREAM b'IHDR' 16 13
2025-03-30 18:13:33,647 - DEBUG - STREAM b'IDAT' 41 8192
2025-03-30 18:13:33,724 - DEBUG - STREAM b'IHDR' 16 13
2025-03-30 18:13:33,724 - DEBUG - STREAM b'IDAT' 41 8192
2025-03-30 18:13:33,800 - DEBUG - STREAM b'IHDR' 16 13
2025-03-30 18:13:33,800 - DEBUG - STREAM b'IDAT' 41 8192
2025-03-30 18:13:34,098 - DEBUG - STREAM b'IHDR' 16 13
2025-03-30 18:13:34,098 - DEBUG - STREAM b'IDAT' 41 8192
2025-03-30 18:15:11,186 - DEBUG - STREAM b'IHDR' 16 13
2025-03-30 18:15:11,186 - DEBUG - STREAM b'IDAT' 41 8192
2025-03-30 18:15:11,257 - DEBUG - STREAM b'IHDR' 16 13
2025-03-30 18:15:11,257 - DEBUG - STREAM b'IDAT' 41 8192
2025-03-30 18:15:11,326 - DEBUG - STREAM b'IHDR' 16 13
2025-03-30 18:15:11,326 - DEBUG - STREAM b'IDAT' 41 8192
2025-03-30 18:15:11,622 - DEBUG - STREAM b'IHDR' 16 13
2025-03-30 18:15:11,622 - DEBUG - STREAM b'IDAT' 41 8192
2025-03-30 18:15:23,936 - DEBUG - STREAM b'IHDR' 16 13
2025-03-30 18:15:23,936 - DEBUG - STREAM b'IDAT' 41 8192
2025-03-30 18:15:23,988 - DEBUG - STREAM b'IHDR' 16 13
2025-03-30 18:15:23,988 - DEBUG - STREAM b'IDAT' 41 8192
2025-03-30 18:15:24,851 - DEBUG - ['D:\\TAFE\\COMPLETED\\2024_S2\\ICTPRG_440_python\\ScreenSpeak\\tesseract\\tesseract.exe', 'C:\\Users\\Tully\\AppData\\Local\\Temp\\tess_s9kwmxyu_input.PNG', 'C:\\Users\\Tully\\AppData\\Local\\Temp\\tess_s9kwmxyu', '-c', 'tessedit_create_tsv=1', '--oem', '3', '--psm', '6']
2025-03-30 18:15:27,940 - DEBUG - STREAM b'IHDR' 16 13
2025-03-30 18:15:27,940 - DEBUG - STREAM b'IDAT' 41 8192
2025-03-30 18:15:27,988 - DEBUG - STREAM b'IHDR' 16 13
2025-03-30 18:15:27,988 - DEBUG - STREAM b'IDAT' 41 8192
2025-03-30 18:15:45,063 - DEBUG - STREAM b'IHDR' 16 13
2025-03-30 18:15:45,063 - DEBUG - STREAM b'IDAT' 41 8192
2025-03-30 18:15:45,114 - DEBUG - STREAM b'IHDR' 16 13
2025-03-30 18:15:45,114 - DEBUG - STREAM b'IDAT' 41 8192
2025-03-30 18:15:45,933 - DEBUG - ['D:\\TAFE\\COMPLETED\\2024_S2\\ICTPRG_440_python\\ScreenSpeak\\tesseract\\tesseract.exe', 'C:\\Users\\Tully\\AppData\\Local\\Temp\\tess_jjdimv74_input.PNG', 'C:\\Users\\Tully\\AppData\\Local\\Temp\\tess_jjdimv74', '-c', 'tessedit_create_tsv=1', '--oem', '3', '--psm', '6']
2025-03-30 18:15:48,914 - DEBUG - STREAM b'IHDR' 16 13
2025-03-30 18:15:48,914 - DEBUG - STREAM b'IDAT' 41 8192
2025-03-30 18:15:48,963 - DEBUG - STREAM b'IHDR' 16 13
2025-03-30 18:15:48,963 - DEBUG - STREAM b'IDAT' 41 8192
